<?xml version="1.0" encoding="UTF-8"?>
<!-- Generated by org.testng.reporters.JUnitReportReporter -->
<testsuite skipped="0" hostname="LAPTOP-TTL50H0R" name="AllSelenium_codes.VerifyingTitle" tests="1" failures="0" timestamp="2019-10-14T20:44:48 EDT" time="6.529" errors="0">
  <testcase name="gettitle" time="6.529" classname="AllSelenium_codes.VerifyingTitle"/>
</testsuite> <!-- AllSelenium_codes.VerifyingTitle -->
