<?xml version="1.0" encoding="UTF-8"?>
<!-- Generated by org.testng.reporters.JUnitReportReporter -->
<testsuite skipped="0" hostname="LAPTOP-TTL50H0R" name="AllSelenium_codes.AcceptAlert" tests="1" failures="0" timestamp="2019-10-11T09:04:55 EDT" time="11.949" errors="0">
  <testcase name="checkout" time="11.949" classname="AllSelenium_codes.AcceptAlert"/>
</testsuite> <!-- AllSelenium_codes.AcceptAlert -->
